C51 COMPILER V9.01   ICOUT                                                                 10/08/2013 15:34:45 PAGE 1   


C51 COMPILER V9.01, COMPILATION OF MODULE ICOUT
OBJECT MODULE PLACED IN ICOUT.OBJ
COMPILER INVOKED BY: F:\Keil\C51\BIN\C51.EXE ICOUT.c LARGE BROWSE DEBUG OBJECTEXTEND

line level    source

   1          #include "HXHD_SZTH.H"
   2          void ICOUT(void)
   3          {
   4   1              IC_1=1,k=0,iiii=0;
   5   1              SendDat1[0]='$';//±¨Í·
   6   1       
   7   1              for(i=1;i<=200&&UART_Buffer1[i]!=0x0A;i++)
   8   1              {
   9   2                      SendDat1[IC_1]=UART_Buffer1[i];
  10   2                      IC_1++;
  11   2              }
  12   1              for(i=0;i<=PS_1;i++)
  13   1                      OutChar0(SendDat1[i]);
  14   1      }


MODULE INFORMATION:   STATIC OVERLAYABLE
   CODE SIZE        =    165    ----
   CONSTANT SIZE    =   ----    ----
   XDATA SIZE       =   ----    ----
   PDATA SIZE       =   ----    ----
   DATA SIZE        =   ----    ----
   IDATA SIZE       =   ----    ----
   BIT SIZE         =   ----    ----
END OF MODULE INFORMATION.


C51 COMPILATION COMPLETE.  0 WARNING(S),  0 ERROR(S)
