C51 COMPILER V9.01   PG                                                                    10/08/2013 15:34:44 PAGE 1   


C51 COMPILER V9.01, COMPILATION OF MODULE PG
OBJECT MODULE PLACED IN PG.OBJ
COMPILER INVOKED BY: F:\Keil\C51\BIN\C51.EXE PG.C LARGE BROWSE DEBUG OBJECTEXTEND

line level    source

   1          #include "HXHD_SZTH.H"
   2          void PG(void)
   3          {
   4   1              PG_1=6,k=0,iiii=0;
   5   1              SendDat1[0]='$';//报头
   6   1              SendDat0[1]='P';
   7   1              SendDat0[2]='I';
   8   1              SendDat0[3]='N';
   9   1              SendDat0[4]='F';
  10   1              SendDat0[5]=',';
  11   1      
  12   1              for(i=0;i<=200&&UART_Buffer1[i]!=0x0A;i++)
  13   1              {
  14   2                      if(UART_Buffer0[i]==',')
  15   2                              k++;
  16   2                      switch(k)
  17   2                      {
  18   3                              case 0:
  19   3                              break;
  20   3                              case 1://总数据长度，不处理
  21   3                              break;
  22   3                              case 2://位置有效信息，不处理
  23   3                              break;
  24   3                              case 3://纬度
  25   3                                      SendDat1[PG_1]=UART_Buffer1[i];
  26   3                                      PG_1++;
  27   3                              break;
  28   3                              case 4://南北纬标志，不处理
  29   3                              break;
  30   3                              case 5://经度
  31   3                                      SendDat1[PG_1]=UART_Buffer1[i];
  32   3                                      PG_1++;
  33   3                              break;
  34   3                              case 6://东西经标志，不处理
  35   3                              break;
  36   3                              case 7://高度
  37   3                                      SendDat1[PG_1]=UART_Buffer1[i];
  38   3                                      PG_1++;
  39   3                              break;
  40   3                              default:
  41   3                              break;
  42   3                      }
  43   2              }
  44   1              SendDat1[PG_1]=',';
  45   1       
  46   1              SendDat1[4]=((TTCA_2-TTCA_1+8)/10)+0x30;//总长度十位
  47   1              SendDat1[5]=((TTCA_2-TTCA_1+8)%10)+0x30;//总长度个位
  48   1      
  49   1              SendDat1[16]=((TTCA_2-TTCA_1-6)/10)+0x30;//字报长度十位
  50   1              SendDat1[17]=((TTCA_2-TTCA_1-6)%10)+0x30;//报文长度个位
  51   1      
  52   1              for(iiii=1;iiii<=TTCA_2;iiii++)
  53   1              {
  54   2                      CRCtemp[iiii-1]=SendDat1[iiii];
  55   2              }
C51 COMPILER V9.01   PG                                                                    10/08/2013 15:34:44 PAGE 2   

  56   1              CRCVALUE=BDCRC(CRCtemp,TTCA_2,C);
  57   1      
  58   1              SendDat1[TTCA_2+1]=C[0];        //校验值高四位
  59   1              SendDat1[TTCA_2+2]=C[1];        //校验值低四位
  60   1              SendDat1[TTCA_2+3]=0x0D;        //结束位
  61   1              SendDat1[TTCA_2+4]=0x0A;    //结束位
  62   1              for(i=0;i<=TTCA_2+4;i++)
  63   1                      OutChar0(SendDat1[i]);
  64   1      }


MODULE INFORMATION:   STATIC OVERLAYABLE
   CODE SIZE        =    578    ----
   CONSTANT SIZE    =   ----    ----
   XDATA SIZE       =   ----    ----
   PDATA SIZE       =   ----    ----
   DATA SIZE        =   ----    ----
   IDATA SIZE       =   ----    ----
   BIT SIZE         =   ----    ----
END OF MODULE INFORMATION.


C51 COMPILATION COMPLETE.  0 WARNING(S),  0 ERROR(S)
