C51 COMPILER V9.01   RD                                                                    10/08/2013 15:34:44 PAGE 1   


C51 COMPILER V9.01, COMPILATION OF MODULE RD
OBJECT MODULE PLACED IN RD.OBJ
COMPILER INVOKED BY: F:\Keil\C51\BIN\C51.EXE RD.C LARGE BROWSE DEBUG OBJECTEXTEND

line level    source

   1          #include "HXHD_SZTH.H"
   2          void RD(void)
   3          {
   4   1              RD_1=11,k=0,iiii=0;
   5   1              SendDat1[0]='$';//报头
   6   1              SendDat1[1]='C';
   7   1              SendDat1[2]='O';
   8   1              SendDat1[3]='U';
   9   1              SendDat1[4]='T';
  10   1              SendDat1[5]=',';
  11   1              SendDat1[6]='0';//CRC校验标志，0表示校验正确，
  12   1              SendDat1[7]=',';
  13   1              SendDat1[8]='1';//通信类别
  14   1              SendDat1[9]=',';
  15   1              SendDat1[10]='0';//发信方类型
  16   1       
  17   1              for(i=0;i<=200&&UART_Buffer1[i]!=0x0A;i++)
  18   1              {
  19   2                      if(UART_Buffer1[i]==',')
  20   2                              k++;
  21   2                      switch(k)
  22   2                      {
  23   3                              case 0:
  24   3                              break;
  25   3                              case 1://报文总长度，不处理
  26   3                              break;
  27   3                              case 2://发信方地址，第11位以‘,’开始，末位“，0”表示不需要回执
  28   3                                      SendDat1[RD_1]=UART_Buffer1[i];
  29   3                                      SendDat1[RD_1+1]=',';
  30   3                                      SendDat1[RD_1+2]='0';//回执标志，0表示不需要回执
  31   3                                      SendDat1[RD_1+3]=',';
  32   3                                      SendDat1[RD_1+4]='0';//报文顺序号，以0结尾；
  33   3                                      RD_1++;
  34   3                                      RD_2=RD_1+4;
  35   3                              break;
  36   3                              case 3://传输方式，不处理
  37   3                              break;
  38   3                              case 4://报文数据长度
  39   3                                      SendDat1[RD_2]=UART_Buffer1[i];
  40   3                                      RD_2++;
  41   3                              break;
  42   3                              case 5://报文正文
  43   3                                      SendDat1[RD_2]=UART_Buffer1[i];
  44   3                                      RD_2++;
  45   3                              break;
  46   3                              default:
  47   3                              break;
  48   3                      }
  49   2              }
  50   1              SendDat1[RD_2]=',';
  51   1      
  52   1              for(iiii=0;iiii<=RD_2;iiii++)
  53   1              {
  54   2                      CRCtemp[iiii]=SendDat1[iiii];
  55   2              }
C51 COMPILER V9.01   RD                                                                    10/08/2013 15:34:44 PAGE 2   

  56   1              CRCVALUE=BDCRC(CRCtemp,RD_2+1,C);
  57   1      
  58   1              SendDat1[RD_2+1]=C[0];  //校验值高四位
  59   1              SendDat1[RD_2+2]=C[1];  //校验值低四位
  60   1              SendDat1[RD_2+3]=0x0D;  //结束位
  61   1              SendDat1[RD_2+4]=0x0A;  //结束位
  62   1      
  63   1              for(i=0;i<=RD_2+4;i++)
  64   1                      OutChar0(SendDat1[i]);
  65   1      }


MODULE INFORMATION:   STATIC OVERLAYABLE
   CODE SIZE        =    554    ----
   CONSTANT SIZE    =   ----    ----
   XDATA SIZE       =   ----    ----
   PDATA SIZE       =   ----    ----
   DATA SIZE        =   ----    ----
   IDATA SIZE       =   ----    ----
   BIT SIZE         =   ----    ----
END OF MODULE INFORMATION.


C51 COMPILATION COMPLETE.  0 WARNING(S),  0 ERROR(S)
